# JRE version: OpenJDK Runtime Environment (11.0.13) (build 11.0.13+0-b1751.21-8125866)
# Java VM: OpenJDK 64-Bit Server VM (11.0.13+0-b1751.21-8125866, mixed mode, tiered, compressed oops, g1 gc, windows-amd64)
Heap:
 garbage-first heap   total 284672K, used 198021K [0x0000000080000000, 0x0000000100000000)
  region size 1024K, 2 young (2048K), 2 survivors (2048K)
 Metaspace       used 114711K, capacity 118192K, committed 118476K, reserved 1153024K
  class space    used 14556K, capacity 15771K, committed 15820K, reserved 1048576K
GC Heap History (20 events):
Event: 958.858 GC heap after
{Heap after GC invocations=55 (full 0):
 garbage-first heap   total 229376K, used 190375K [0x0000000080000000, 0x0000000100000000)
  region size 1024K, 2 young (2048K), 2 survivors (2048K)
 Metaspace       used 114044K, capacity 117480K, committed 117580K, reserved 1150976K
  class space    used 14462K, capacity 15653K, committed 15692K, reserved 1048576K
}
Event: 958.896 GC heap before
{Heap before GC invocations=55 (full 0):
 garbage-first heap   total 229376K, used 198567K [0x0000000080000000, 0x0000000100000000)
  region size 1024K, 11 young (11264K), 2 survivors (2048K)
 Metaspace       used 114044K, capacity 117480K, committed 117580K, reserved 1150976K
  class space    used 14462K, capacity 15653K, committed 15692K, reserved 1048576K
}
Event: 958.898 GC heap after
{Heap after GC invocations=56 (full 0):
 garbage-first heap   total 229376K, used 190832K [0x0000000080000000, 0x0000000100000000)
  region size 1024K, 2 young (2048K), 2 survivors (2048K)
 Metaspace       used 114044K, capacity 117480K, committed 117580K, reserved 1150976K
  class space    used 14462K, capacity 15653K, committed 15692K, reserved 1048576K
}
Event: 958.961 GC heap before
{Heap before GC invocations=56 (full 0):
 garbage-first heap   total 229376K, used 199024K [0x0000000080000000, 0x0000000100000000)
  region size 1024K, 11 young (11264K), 2 survivors (2048K)
 Metaspace       used 114062K, capacity 117482K, committed 117580K, reserved 1150976K
  class space    used 14463K, capacity 15653K, committed 15692K, reserved 1048576K
}
Event: 958.963 GC heap after
{Heap after GC invocations=57 (full 0):
 garbage-first heap   total 229376K, used 191548K [0x0000000080000000, 0x0000000100000000)
  region size 1024K, 2 young (2048K), 2 survivors (2048K)
 Metaspace       used 114062K, capacity 117482K, committed 117580K, reserved 1150976K
  class space    used 14463K, capacity 15653K, committed 15692K, reserved 1048576K
}
Event: 959.010 GC heap before
{Heap before GC invocations=57 (full 0):
 garbage-first heap   total 229376K, used 199740K [0x0000000080000000, 0x0000000100000000)
  region size 1024K, 11 young (11264K), 2 survivors (2048K)
 Metaspace       used 114064K, capacity 117482K, committed 117580K, reserved 1150976K
  class space    used 14463K, capacity 15653K, committed 15692K, reserved 1048576K
}
Event: 959.012 GC heap after
{Heap after GC invocations=58 (full 0):
 garbage-first heap   total 229376K, used 191979K [0x0000000080000000, 0x0000000100000000)
  region size 1024K, 2 young (2048K), 2 survivors (2048K)
 Metaspace       used 114064K, capacity 117482K, committed 117580K, reserved 1150976K
  class space    used 14463K, capacity 15653K, committed 15692K, reserved 1048576K
}
Event: 959.054 GC heap before
{Heap before GC invocations=58 (full 0):
 garbage-first heap   total 229376K, used 200171K [0x0000000080000000, 0x0000000100000000)
  region size 1024K, 11 young (11264K), 2 survivors (2048K)
 Metaspace       used 114068K, capacity 117482K, committed 117580K, reserved 1150976K
  class space    used 14463K, capacity 15653K, committed 15692K, reserved 1048576K
}
Event: 959.056 GC heap after
{Heap after GC invocations=59 (full 0):
 garbage-first heap   total 229376K, used 192594K [0x0000000080000000, 0x0000000100000000)
  region size 1024K, 2 young (2048K), 2 survivors (2048K)
 Metaspace       used 114068K, capacity 117482K, committed 117580K, reserved 1150976K
  class space    used 14463K, capacity 15653K, committed 15692K, reserved 1048576K
}
Event: 959.099 GC heap before
{Heap before GC invocations=59 (full 0):
 garbage-first heap   total 229376K, used 200786K [0x0000000080000000, 0x0000000100000000)
  region size 1024K, 11 young (11264K), 2 survivors (2048K)
 Metaspace       used 114072K, capacity 117484K, committed 117580K, reserved 1150976K
  class space    used 14463K, capacity 15653K, committed 15692K, reserved 1048576K
}
Event: 959.101 GC heap after
{Heap after GC invocations=60 (full 0):
 garbage-first heap   total 229376K, used 192859K [0x0000000080000000, 0x0000000100000000)
  region size 1024K, 2 young (2048K), 2 survivors (2048K)
 Metaspace       used 114072K, capacity 117484K, committed 117580K, reserved 1150976K
  class space    used 14463K, capacity 15653K, committed 15692K, reserved 1048576K
}
Event: 959.149 GC heap before
{Heap before GC invocations=60 (full 0):
 garbage-first heap   total 229376K, used 201051K [0x0000000080000000, 0x0000000100000000)
  region size 1024K, 11 young (11264K), 2 survivors (2048K)
 Metaspace       used 114077K, capacity 117484K, committed 117580K, reserved 1150976K
  class space    used 14463K, capacity 15653K, committed 15692K, reserved 1048576K
}
Event: 959.153 GC heap after
{Heap after GC invocations=61 (full 0):
 garbage-first heap   total 229376K, used 193590K [0x0000000080000000, 0x0000000100000000)
  region size 1024K, 2 young (2048K), 2 survivors (2048K)
 Metaspace       used 114077K, capacity 117484K, committed 117580K, reserved 1150976K
  class space    used 14463K, capacity 15653K, committed 15692K, reserved 1048576K
}
Event: 959.195 GC heap before
{Heap before GC invocations=61 (full 0):
 garbage-first heap   total 229376K, used 201782K [0x0000000080000000, 0x0000000100000000)
  region size 1024K, 11 young (11264K), 2 survivors (2048K)
 Metaspace       used 114092K, capacity 117485K, committed 117580K, reserved 1150976K
  class space    used 14464K, capacity 15653K, committed 15692K, reserved 1048576K
}
Event: 959.198 GC heap after
{Heap after GC invocations=62 (full 0):
 garbage-first heap   total 229376K, used 194019K [0x0000000080000000, 0x0000000100000000)
  region size 1024K, 2 young (2048K), 2 survivors (2048K)
 Metaspace       used 114092K, capacity 117485K, committed 117580K, reserved 1150976K
  class space    used 14464K, capacity 15653K, committed 15692K, reserved 1048576K
}
Event: 959.241 GC heap before
{Heap before GC invocations=62 (full 0):
 garbage-first heap   total 229376K, used 202211K [0x0000000080000000, 0x0000000100000000)
  region size 1024K, 11 young (11264K), 2 survivors (2048K)
 Metaspace       used 114099K, capacity 117485K, committed 117580K, reserved 1150976K
  class space    used 14464K, capacity 15653K, committed 15692K, reserved 1048576K
}
Event: 959.244 GC heap after
{Heap after GC invocations=63 (full 0):
 garbage-first heap   total 229376K, used 194431K [0x0000000080000000, 0x0000000100000000)
  region size 1024K, 2 young (2048K), 2 survivors (2048K)
 Metaspace       used 114099K, capacity 117485K, committed 117580K, reserved 1150976K
  class space    used 14464K, capacity 15653K, committed 15692K, reserved 1048576K
}
Event: 959.324 GC heap before
{Heap before GC invocations=63 (full 0):
 garbage-first heap   total 229376K, used 204671K [0x0000000080000000, 0x0000000100000000)
  region size 1024K, 11 young (11264K), 2 survivors (2048K)
 Metaspace       used 114242K, capacity 117556K, committed 117836K, reserved 1150976K
  class space    used 14476K, capacity 15655K, committed 15692K, reserved 1048576K
}
Event: 959.326 GC heap after
{Heap after GC invocations=64 (full 0):
 garbage-first heap   total 229376K, used 195944K [0x0000000080000000, 0x0000000100000000)
  region size 1024K, 2 young (2048K), 2 survivors (2048K)
 Metaspace       used 114242K, capacity 117556K, committed 117836K, reserved 1150976K
  class space    used 14476K, capacity 15655K, committed 15692K, reserved 1048576K
}
Event: 959.434 GC heap before
{Heap before GC invocations=64 (full 0):
 garbage-first heap   total 229376K, used 206184K [0x0000000080000000, 0x0000000100000000)
  region size 1024K, 11 young (11264K), 2 survivors (2048K)
 Metaspace       used 114711K, capacity 118192K, committed 118476K, reserved 1153024K
  class space    used 14556K, capacity 15771K, committed 15820K, reserved 1048576K
}

